284938
178600
47520
2220240
23939
360280
69276
2435
NO EXISTE
NO EXISTE
40228
17998
446264
NO EXISTE
64588
230075
536571
NO EXISTE
19422
230540
NO EXISTE
123742
449491
38844
1438231
144122
288939
176576
214364
225619
NO EXISTE
481945
327258
189466
658828
438812
261517
281277
67681
286490
1412184
140167
373102
104008
309208
11251
21257
136284
281606
52598
382271
NO EXISTE
157855
241677
NO EXISTE
14719
132627
NO EXISTE
71295
NO EXISTE
NO EXISTE
113331
197451
177587
NO EXISTE
NO EXISTE
NO EXISTE
182512
15323
81478
NO EXISTE
141083
317542
NO EXISTE
380939
125945
44567
45734
229080
67835
167140
6875
60741
474338
40232
101075
328662
NO EXISTE
121161
NO EXISTE
73628
1091981
283050
581031
28358
727025
212306
700400
258044
19671
228510
9684
185736
147142
126833
64726
40268
242568
12353
453188
361414
686190
345600
466460
610963
338692
247585
166810
527802
NO EXISTE
67031
566653
24424
148724
581689
NO EXISTE
43414
874088
613731
186225
138953
247472
1259871
246157
73653
684759
27313
158469
3398
86931
188330
420141
354116
269689
NO EXISTE
NO EXISTE
201527
103452
953533
NO EXISTE
NO EXISTE
NO EXISTE
1260608
104879
129388
22843
469536
171940
33293
1310675
504996
64962
907316
NO EXISTE
49846
236461
8977
25484
309882
117041
95012
324165
NO EXISTE
NO EXISTE
NO EXISTE
NO EXISTE
NO EXISTE
446105
899695
NO EXISTE
132108
1048709
NO EXISTE
122146
208633
1065536
170261
74203
238472
47655
134308
536892
271199
102799
NO EXISTE
590009
NO EXISTE
243108
16924
868078
170726
NO EXISTE
NO EXISTE
233435
259875
212889
762773
123464
754871
281608
NO EXISTE
400522
74637
82740
191713
313141
417102
531672
161395
177242
246161
95433
197499
35135
250899
131762
NO EXISTE
185235
41857
25485
NO EXISTE
27263
86782
23471
352410
393982
NO EXISTE
139408
NO EXISTE
375356
307839
275256
NO EXISTE
838673
210264
193557
658311
46082
66214
58011
NO EXISTE
NO EXISTE
153620
32211
1777465
154102
1164153
207383
NO EXISTE
142895
54977
109524
65652
145524
11044
84976
74031
133136
58074
441235
42958
147288
220308
458228
33115
97120
805891
216562
111569
NO EXISTE
811136
NO EXISTE
26158
171295
298003
93302
719067
NO EXISTE
5278
NO EXISTE
194773
187002
352306
310947
291310
5316
284748
340621
NO EXISTE
269398
26008
NO EXISTE
664641
125645
154423
1020293
283059
64456
NO EXISTE
NO EXISTE
239746
103841
79650
NO EXISTE
NO EXISTE
440754
NO EXISTE
329268
NO EXISTE
NO EXISTE
462411
161068
105370
285259
717309
182794
89765
219124
58282
98544
NO EXISTE
30685
149772
407337
NO EXISTE
1665169
152061
NO EXISTE
NO EXISTE
126269
972317
NO EXISTE
NO EXISTE
187159
139888
217182
8082
86687
NO EXISTE
92990
285336
NO EXISTE
135331
2763
NO EXISTE
48729
NO EXISTE
693097
500708
356346
NO EXISTE
11324
206289
184265
287458
49566
821174
NO EXISTE
46644
12557
377927
NO EXISTE
198123
12148
10386
599
1255795
472642
293423
113690
92458
394744
NO EXISTE
86613
400634
3833
19804
29957
822862
366635
1376
11446
29312
706582
93967
10263
433129
357357
648650
NO EXISTE
493619
NO EXISTE
267427
357474
4473
146056
146272
37750
187023
NO EXISTE
115999
195491
NO EXISTE
NO EXISTE
1110543
672909
484972
322870
66599
NO EXISTE
63002
411704
334221
14516
308728
NO EXISTE
172625
1696
NO EXISTE
58370
NO EXISTE
434717
635839
287225
609712
161208
120713
190749
397114
67703
459103
NO EXISTE
304530
34896
NO EXISTE
10452
256275
234117
17540
NO EXISTE
207378
NO EXISTE
38247
805808
NO EXISTE
70637
111283
26649
NO EXISTE
318814
285605
3955
9164
62236
167809
46597
2890
895161
NO EXISTE
NO EXISTE
211897
95653
459780
766790
135343
1366458
NO EXISTE
235090
NO EXISTE
NO EXISTE
4569
NO EXISTE
NO EXISTE
119482
20070
NO EXISTE
NO EXISTE
365025
27111
271457
NO EXISTE
301128
165107
21545
45486
282181
53712
519681
352970
NO EXISTE
28913
362690
147377
99264
148311
25605
894178
111530
811588
2765
410565
84037
132423
305334
64349
14014
18558
407325
274242
215405
NO EXISTE
170248
75176
58424
NO EXISTE
NO EXISTE
NO EXISTE
784256
277230
81683
NO EXISTE
626209
476843
109055
272352
NO EXISTE
NO EXISTE
145705
841714
308656
NO EXISTE
459699
503247
1083
1000315
55970
590050
NO EXISTE
256273
212030
91609
NO EXISTE
17741
1066117
781699
NO EXISTE
693787
8436
107644
7901
816950
2124935
446697
1106765
207199
93625
NO EXISTE
NO EXISTE
23968
7851
316019
175033
400549
36802
588462
56494
705413
180110
347000
23112
499048
822454
3040
116033
218797
180446
362855
315408
3178
NO EXISTE
NO EXISTE
NO EXISTE
455441
9907
2743
6630
145411
758149
187760
NO EXISTE
NO EXISTE
623076
NO EXISTE
468656
683209
601210
NO EXISTE
399784
1362225
271976
158528
NO EXISTE
491955
NO EXISTE
205131
9096
28559
13823
159370
568848
428077
116753
NO EXISTE
377145
NO EXISTE
16853
NO EXISTE
90593
1273968
NO EXISTE
19378
148157
252923
NO EXISTE
176053
135173
295804
213541
50705
22297
86966
1084530
157679
53495
0
1569
48274
99063
208446
183329
NO EXISTE
298527
95666
428350
21231
593894
291523
NO EXISTE
663931
NO EXISTE
688349
5441
132718
62147
87033
254101
218759
81455
343769
152315
NO EXISTE
91896
43031
245986
39362
214015
184554
47120
128974
NO EXISTE
NO EXISTE
397100
11263
127091
NO EXISTE
231836
118855
12857
184221
405343
3603
238229
122032
468545
NO EXISTE
525160
208092
NO EXISTE
428860
22485
25003
406093
12198
197203
175986
NO EXISTE
NO EXISTE
655385
1368545
NO EXISTE
76667
203309
1345786
175273
NO EXISTE
38070
462657
91836
894938
89847
47608
1152125
1051058
68104
466970
859156
NO EXISTE
3088
NO EXISTE
10703
197615
126949
7384
54254
1041183
131705
289989
170132
NO EXISTE
663095
NO EXISTE
22395
173031
30569
592787
474833
250918
NO EXISTE
6146
NO EXISTE
125965
69977
NO EXISTE
29631
NO EXISTE
NO EXISTE
1212457
81494
851083
419949
80924
237503
672427
287377
137806
170611
752013
155139
289397
91192
206016
54299
NO EXISTE
NO EXISTE
354667
166552
181839
31207
8377
13304
98008
21493
82882
NO EXISTE
33471
873485
8625
183978
70336
179460
71644
445508
8834
NO EXISTE
231496
597838
523310
155558
38924
18035
839472
258828
116407
393333
NO EXISTE
355051
223189
NO EXISTE
471590
97325
52438
145590
1404926
86491
15227
376657
154202
485218
22898
177398
NO EXISTE
NO EXISTE
43801
711787
153449
223766
32926
1061460
70544
NO EXISTE
19310
NO EXISTE
NO EXISTE
202297
42095
NO EXISTE
172590
13697
NO EXISTE
1215
712069
NO EXISTE
NO EXISTE
NO EXISTE
NO EXISTE
200034
153205
518946
392774
89180
319669
116675
222308
199099
190172
NO EXISTE
48266
1484475
NO EXISTE
308175
178057
532643
71925
552729
153081
648196
51588
539405
40275
408584
13566
562008
203583
4315
99136
266849
23078
74233
NO EXISTE
NO EXISTE
65416
336485
135982
206931
55080
116049
NO EXISTE
184237
127792
248377
494844
601890
555948
78069
925319
282122
134952
NO EXISTE
291782
NO EXISTE
23218
427145
31273
575337
15533
210061
127821
97233
770500
NO EXISTE
64088
531094
496867
136753
NO EXISTE
190516
796694
22434
41841
222322
208481
1006396
33182
NO EXISTE
139905
NO EXISTE
NO EXISTE
2118
1040555
60744
318126
201167
505529
16154
1018648
760111
619989
62753
75862
81770
140514
NO EXISTE
60331
NO EXISTE
249981
213739
212651
109712
28852
406015
1019095
208475
91760
47325
NO EXISTE
69692
807245
367678
19647
197087
727171
10133
872138
56674
163192
NO EXISTE
15654
952343
202138
554417
774453
NO EXISTE
146432
588754
NO EXISTE
1392988
336762
NO EXISTE
247726
NO EXISTE
456194
724817
249003
247790
49522
62558
98337
495593
34546
604161
40867
806313
686319
78141
151536
NO EXISTE
NO EXISTE
NO EXISTE
78617
138942
Time:  5.366181373596191
